<?xml version="1.0" encoding="UTF-8"?>
<testsuite name="com.LatinasSexCam.LatinasSexCamApplicationTests" tests="1" skipped="0" failures="0" errors="0" timestamp="2024-11-14T19:14:16" hostname="LAPTOP-SMG642HP" time="0.607">
  <properties/>
  <testcase name="contextLoads()" classname="com.LatinasSexCam.LatinasSexCamApplicationTests" time="0.607"/>
  <system-out><![CDATA[14:13:58.870 [Test worker] INFO org.springframework.test.context.support.AnnotationConfigContextLoaderUtils -- Could not detect default configuration classes for test class [com.LatinasSexCam.LatinasSexCamApplicationTests]: LatinasSexCamApplicationTests does not declare any static, non-private, non-final, nested classes annotated with @Configuration.
14:13:59.008 [Test worker] INFO org.springframework.boot.test.context.SpringBootTestContextBootstrapper -- Found @SpringBootConfiguration com.LatinasSexCam.LatinasSexCamApplication for test class com.LatinasSexCam.LatinasSexCamApplicationTests

  .   ____          _            __ _ _
 /\\ / ___'_ __ _ _(_)_ __  __ _ \ \ \ \
( ( )\___ | '_ | '_| | '_ \/ _` | \ \ \ \
 \\/  ___)| |_)| | | | | || (_| |  ) ) ) )
  '  |____| .__|_| |_|_| |_\__, | / / / /
 =========|_|==============|___/=/_/_/_/

 :: Spring Boot ::                (v3.3.4)

2024-11-14T14:13:59.510-05:00  INFO 32424 --- [LatinasSexCam] [    Test worker] c.L.LatinasSexCamApplicationTests        : Starting LatinasSexCamApplicationTests using Java 21.0.4 with PID 32424 (started by santi in C:\Users\santi\Escritorio\LatinasSexCam)
2024-11-14T14:13:59.513-05:00  INFO 32424 --- [LatinasSexCam] [    Test worker] c.L.LatinasSexCamApplicationTests        : No active profile set, falling back to 1 default profile: "default"
2024-11-14T14:14:00.505-05:00  INFO 32424 --- [LatinasSexCam] [    Test worker] .s.d.r.c.RepositoryConfigurationDelegate : Bootstrapping Spring Data JPA repositories in DEFAULT mode.
2024-11-14T14:14:00.620-05:00  INFO 32424 --- [LatinasSexCam] [    Test worker] .s.d.r.c.RepositoryConfigurationDelegate : Finished Spring Data repository scanning in 104 ms. Found 9 JPA repository interfaces.
2024-11-14T14:14:01.216-05:00  INFO 32424 --- [LatinasSexCam] [    Test worker] o.hibernate.jpa.internal.util.LogHelper  : HHH000204: Processing PersistenceUnitInfo [name: default]
2024-11-14T14:14:01.314-05:00  INFO 32424 --- [LatinasSexCam] [    Test worker] org.hibernate.Version                    : HHH000412: Hibernate ORM core version 6.5.3.Final
2024-11-14T14:14:01.377-05:00  INFO 32424 --- [LatinasSexCam] [    Test worker] o.h.c.internal.RegionFactoryInitiator    : HHH000026: Second-level cache disabled
2024-11-14T14:14:01.812-05:00  INFO 32424 --- [LatinasSexCam] [    Test worker] o.s.o.j.p.SpringPersistenceUnitInfo      : No LoadTimeWeaver setup: ignoring JPA class transformer
2024-11-14T14:14:01.856-05:00  INFO 32424 --- [LatinasSexCam] [    Test worker] com.zaxxer.hikari.HikariDataSource       : HikariPool-1 - Starting...
2024-11-14T14:14:03.912-05:00  INFO 32424 --- [LatinasSexCam] [    Test worker] com.zaxxer.hikari.pool.HikariPool        : HikariPool-1 - Added connection com.mysql.cj.jdbc.ConnectionImpl@19ac93d2
2024-11-14T14:14:03.915-05:00  INFO 32424 --- [LatinasSexCam] [    Test worker] com.zaxxer.hikari.HikariDataSource       : HikariPool-1 - Start completed.
2024-11-14T14:14:04.362-05:00  WARN 32424 --- [LatinasSexCam] [    Test worker] org.hibernate.orm.deprecation            : HHH90000025: MySQLDialect does not need to be specified explicitly using 'hibernate.dialect' (remove the property setting and it will be selected by default)
2024-11-14T14:14:05.600-05:00  INFO 32424 --- [LatinasSexCam] [    Test worker] o.h.e.t.j.p.i.JtaPlatformInitiator       : HHH000489: No JTA platform available (set 'hibernate.transaction.jta.platform' to enable JTA platform integration)
2024-11-14T14:14:15.199-05:00  INFO 32424 --- [LatinasSexCam] [    Test worker] j.LocalContainerEntityManagerFactoryBean : Initialized JPA EntityManagerFactory for persistence unit 'default'
2024-11-14T14:14:15.795-05:00  WARN 32424 --- [LatinasSexCam] [    Test worker] JpaBaseConfiguration$JpaWebConfiguration : spring.jpa.open-in-view is enabled by default. Therefore, database queries may be performed during view rendering. Explicitly configure spring.jpa.open-in-view to disable this warning
2024-11-14T14:14:15.845-05:00  INFO 32424 --- [LatinasSexCam] [    Test worker] r$InitializeUserDetailsManagerConfigurer : Global AuthenticationManager configured with UserDetailsService bean with name customDetailsService
2024-11-14T14:14:16.686-05:00  INFO 32424 --- [LatinasSexCam] [    Test worker] c.L.LatinasSexCamApplicationTests        : Started LatinasSexCamApplicationTests in 17.44 seconds (process running for 18.838)
]]></system-out>
  <system-err><![CDATA[WARNING: A Java agent has been loaded dynamically (C:\Users\santi\.gradle\caches\modules-2\files-2.1\net.bytebuddy\byte-buddy-agent\1.14.19\154da3a65b4f4a909d3e5bdec55d1b2b4cbb6ce1\byte-buddy-agent-1.14.19.jar)
WARNING: If a serviceability tool is in use, please run with -XX:+EnableDynamicAgentLoading to hide this warning
WARNING: If a serviceability tool is not in use, please run with -Djdk.instrument.traceUsage for more information
WARNING: Dynamic loading of agents will be disallowed by default in a future release
]]></system-err>
</testsuite>
